<?xml version="1.0" encoding="UTF-8"?>
<!-- Generated by org.testng.reporters.JUnitXMLReporter -->
<testsuite hostname="LAPTOP-TVJ0FV6G" ignored="0" name="ChromeTest" tests="3" failures="0" timestamp="2023-06-29T14:58:18 IST" time="37.797" errors="0">
  <testcase name="fortuner" time="18.995" classname="testNgBatchExecutionInMultipleBrowsersInParallel.Toyota"/>
  <testcase name="safari" time="11.063" classname="testNgBatchExecutionInMultipleBrowsersInParallel.Tata"/>
  <testcase name="mustang" time="7.702" classname="testNgBatchExecutionInMultipleBrowsersInParallel.Ford"/>
</testsuite> <!-- ChromeTest -->
