<?xml version="1.0" encoding="UTF-8"?>
<!-- Generated by org.testng.reporters.JUnitXMLReporter -->
<testsuite hostname="LAPTOP-TVJ0FV6G" ignored="0" name="FirefoxTest" tests="3" failures="0" timestamp="2023-06-29T14:58:30 IST" time="50.075" errors="0">
  <testcase name="fortuner" time="21.476" classname="testNgBatchExecutionInMultipleBrowsersInParallel.Toyota"/>
  <testcase name="safari" time="19.858" classname="testNgBatchExecutionInMultipleBrowsersInParallel.Tata"/>
  <testcase name="mustang" time="8.714" classname="testNgBatchExecutionInMultipleBrowsersInParallel.Ford"/>
</testsuite> <!-- FirefoxTest -->
