<?xml version="1.0" encoding="UTF-8"?>
<!-- Generated by org.testng.reporters.JUnitXMLReporter -->
<testsuite hostname="LAPTOP-TVJ0FV6G" ignored="0" name="Test2" tests="5" failures="0" timestamp="2024-03-05T11:48:59 IST" time="57.879" errors="0">
  <testcase name="innova" time="43.718" classname="testNG2.Batch2_Toyota"/>
  <testcase name="swift" time="44.366" classname="testNG2.Batch2_MarutiSuzuki"/>
  <testcase name="safari" time="44.904" classname="testNG2.Batch2_TATA"/>
  <testcase name="seltos" time="46.038" classname="testNG2.Batch2_KIA"/>
  <testcase name="verna" time="57.845" classname="testNG2.Batch2_Hyundai"/>
</testsuite> <!-- Test2 -->
