<?xml version="1.0" encoding="UTF-8"?>
<!-- Generated by org.testng.reporters.JUnitXMLReporter -->
<testsuite hostname="LAPTOP-TVJ0FV6G" ignored="0" name="Test1" tests="5" failures="0" timestamp="2024-03-05T11:48:49 IST" time="47.395" errors="0">
  <testcase name="innova" time="24.922" classname="testNG2.Batch2_Toyota"/>
  <testcase name="safari" time="42.431" classname="testNG2.Batch2_TATA"/>
  <testcase name="swift" time="42.617" classname="testNG2.Batch2_MarutiSuzuki"/>
  <testcase name="seltos" time="42.655" classname="testNG2.Batch2_KIA"/>
  <testcase name="verna" time="47.364" classname="testNG2.Batch2_Hyundai"/>
</testsuite> <!-- Test1 -->
