<?xml version="1.0" encoding="UTF-8"?>
<!-- Generated by org.testng.reporters.JUnitXMLReporter -->
<testsuite hostname="LAPTOP-TVJ0FV6G" ignored="1" name="Test" tests="5" failures="0" timestamp="2023-12-14T12:10:10 IST" time="109.251" errors="0">
  <testcase name="ktm" time="4.447" classname="testNG2.Batch_exe_KTM"/>
  <testcase name="yamaha" time="4.235" classname="testNG2.Batch_exe_yamaha"/>
  <testcase name="re" time="59.144" classname="testNG2.Batch_exe_RE"/>
  <testcase name="honda" time="35.762" classname="testNG2.Batch_exe_Honda"/>
  <testcase name="yezdi" time="5.639" classname="testNG2.Batch_exe_Yezdi"/>
  <testcase name="bajaj" time="0.0" classname="testNG2.Batch_exe_Bajaj">
    <ignored/>
  </testcase> <!-- bajaj -->
</testsuite> <!-- Test -->
